<?xml version='1.0' encoding="UTF-8"?>
<!--
  ~ Copyright 2009-2010  Geovise BVBA, QMINO BVBA
  ~
  ~ This file is part of GeoLatte Mapserver.
  ~
  ~ GeoLatte Mapserver is free software: you can redistribute it and/or modify
  ~ it under the terms of the GNU Lesser General Public License as published by
  ~ the Free Software Foundation, either version 3 of the License, or
  ~ (at your option) any later version.
  ~
  ~ GeoLatte Mapserver is distributed in the hope that it will be useful,
  ~ but WITHOUT ANY WARRANTY; without even the implied warranty of
  ~ MERCHANTABILITY or FITNESS FOR A PARTICULAR PURPOSE.  See the
  ~ GNU Lesser General Public License for more details.
  ~
  ~ You should have received a copy of the GNU Lesser General Public License
  ~ along with GeoLatte Mapserver.  If not, see <http://www.gnu.org/licenses/>.
  -->

<config>


    <!-- this element configures the WMS interface -->
    <WMS>
        <Service>
            <Title>test title</Title>
            <Abstract>test abstract</Abstract>
            <KeywordList>
                <Keyword>kw1</Keyword>
                <Keyword>kw2</Keyword>
            </KeywordList>
            <OnlineResource xmlns:xlink="http://www.w3.org/1999/xlink.xsd" xlink:type="simple"
                            xlink:href="http://www.geolatte.org"/>

            <!-- ContactInformation, Fees and AccessConstraints are currently not supported -->
            <!--<ContactInformation>-->
            <!--<ContactPersonPrimary>-->
            <!--<ContactPerson>Karel Maesen</ContactPerson>-->
            <!--<ContactOrganization>GEOLATTE</ContactOrganization>-->
            <!--</ContactPersonPrimary>-->
            <!--<ContactPosition>Lead Developer</ContactPosition>-->
            <!--<ContactAddress>-->
            <!--<AddressType>postal</AddressType>-->
            <!--<AddressType>address</AddressType>-->
            <!--<City>Antwerpen</City>-->
            <!--<StateOrProvince>Ant</StateOrProvince>-->
            <!--<PostCode>2140</PostCode>-->
            <!--<Country>BE</Country>-->
            <!--</ContactAddress>-->
            <!--<ContactVoiceTelephone>12345</ContactVoiceTelephone>-->
            <!--<ContactFacsimileTelephone>123456</ContactFacsimileTelephone>-->
            <!--<ContactElectronicMailAddress>test@test.com</ContactElectronicMailAddress>-->
            <!--</ContactInformation>-->
            <!--<Fees>none</Fees>-->
            <!--<AccessConstraints>none</AccessConstraints>-->

        </Service>
    </WMS>
    <!-- these are the producer services -->
    <Producers>
        <TileMaps>

            <TileMap
                    title="basic"
                    type="url"
                    TileImageSourceFactory="org.geolatte.mapserver.tms.URLTileImageSourceFactory"
                    path="http://localhost/cgi-bin/tilecache.cgi/1.0.0/basic/"
                    />

            <TileMap
                    title="osm"
                    type="file"
                    TileImageSourceFactory="org.geolatte.mapserver.tms.FileTileImageSourceFactory"
                    path="src/test/resources/tiles/tilemapresource.xml"
                    />

            <TileMap
                    title="orthos"
                    type="file"
                    TileImageSourceFactory="org.geolatte.mapserver.tms.FileTileImageSourceFactory"
                    path="src/test/resources/tiles/orthos/tilemapresource.xml"
                    srs="25831 900913"
                    />


            <TileMap
                    title="error"
                    type="error"
                    />

        </TileMaps>
    </Producers>
</config>
